2026-04-03T12:16:02.793+08:00  INFO 27319 --- [unnamed] [main] c.w.h.urbanflora.UrbanFloraApplication   : Starting UrbanFloraApplication using Java 26 with PID 27319 (/Users/chengyiran/IdeaProjects/urban-flora/target/classes started by chengyiran in /Users/chengyiran/IdeaProjects/urban-flora)
2026-04-03T12:16:02.795+08:00  INFO 27319 --- [unnamed] [main] c.w.h.urbanflora.UrbanFloraApplication   : No active profile set, falling back to 1 default profile: "default"
2026-04-03T12:16:02.976+08:00  WARN 27319 --- [unnamed] [main] o.m.s.mapper.ClassPathMapperScanner      : No MyBatis mapper was found in '[com.web3.herstory.urbanflora]' package. Please check your configuration.
2026-04-03T12:16:03.057+08:00  INFO 27319 --- [unnamed] [main] o.s.boot.tomcat.TomcatWebServer          : Tomcat initialized with port 8080 (http)
2026-04-03T12:16:03.063+08:00  INFO 27319 --- [unnamed] [main] o.apache.catalina.core.StandardService   : Starting service [Tomcat]
2026-04-03T12:16:03.063+08:00  INFO 27319 --- [unnamed] [main] o.apache.catalina.core.StandardEngine    : Starting Servlet engine: [Apache Tomcat/11.0.20]
2026-04-03T12:16:03.077+08:00  INFO 27319 --- [unnamed] [main] b.w.c.s.WebApplicationContextInitializer : Root WebApplicationContext: initialization completed in 263 ms
2026-04-03T12:16:03.158+08:00  WARN 27319 --- [unnamed] [main] ConfigServletWebServerApplicationContext : Exception encountered during context initialization - cancelling refresh attempt: org.springframework.beans.factory.BeanCreationException: Error creating bean with name 'dataSource' defined in class path resource [org/springframework/boot/jdbc/autoconfigure/DataSourceConfiguration$Hikari.class]: Failed to instantiate [com.zaxxer.hikari.HikariDataSource]: Factory method 'dataSource' threw exception with message: Cannot load driver class: org.hsqldb.jdbc.JDBCDriver
2026-04-03T12:16:03.159+08:00  INFO 27319 --- [unnamed] [main] o.apache.catalina.core.StandardService   : Stopping service [Tomcat]
2026-04-03T12:16:03.163+08:00  INFO 27319 --- [unnamed] [main] .s.b.a.l.ConditionEvaluationReportLogger : 

Error starting ApplicationContext. To display the condition evaluation report re-run your application with 'debug' enabled.
2026-04-03T12:16:03.171+08:00 ERROR 27319 --- [unnamed] [main] o.s.boot.SpringApplication               : Application run failed

org.springframework.beans.factory.BeanCreationException: Error creating bean with name 'dataSource' defined in class path resource [org/springframework/boot/jdbc/autoconfigure/DataSourceConfiguration$Hikari.class]: Failed to instantiate [com.zaxxer.hikari.HikariDataSource]: Factory method 'dataSource' threw exception with message: Cannot load driver class: org.hsqldb.jdbc.JDBCDriver
	at org.springframework.beans.factory.support.ConstructorResolver.instantiate(ConstructorResolver.java:657)
	at org.springframework.beans.factory.support.ConstructorResolver.instantiateUsingFactoryMethod(ConstructorResolver.java:645)
	at org.springframework.beans.factory.support.AbstractAutowireCapableBeanFactory.instantiateUsingFactoryMethod(AbstractAutowireCapableBeanFactory.java:1362)
	at org.springframework.beans.factory.support.AbstractAutowireCapableBeanFactory.createBeanInstance(AbstractAutowireCapableBeanFactory.java:1194)
	at org.springframework.beans.factory.support.AbstractAutowireCapableBeanFactory.doCreateBean(AbstractAutowireCapableBeanFactory.java:565)
	at org.springframework.beans.factory.support.AbstractAutowireCapableBeanFactory.createBean(AbstractAutowireCapableBeanFactory.java:525)
	at org.springframework.beans.factory.support.AbstractBeanFactory.lambda$doGetBean$0(AbstractBeanFactory.java:333)
	at org.springframework.beans.factory.support.DefaultSingletonBeanRegistry.getSingleton(DefaultSingletonBeanRegistry.java:371)
	at org.springframework.beans.factory.support.AbstractBeanFactory.doGetBean(AbstractBeanFactory.java:331)
	at org.springframework.beans.factory.support.AbstractBeanFactory.getBean(AbstractBeanFactory.java:196)
	at org.springframework.beans.factory.support.DefaultListableBeanFactory.instantiateSingleton(DefaultListableBeanFactory.java:1218)
	at org.springframework.beans.factory.support.DefaultListableBeanFactory.preInstantiateSingleton(DefaultListableBeanFactory.java:1184)
	at org.springframework.beans.factory.support.DefaultListableBeanFactory.preInstantiateSingletons(DefaultListableBeanFactory.java:1121)
	at org.springframework.context.support.AbstractApplicationContext.finishBeanFactoryInitialization(AbstractApplicationContext.java:994)
	at org.springframework.context.support.AbstractApplicationContext.refresh(AbstractApplicationContext.java:621)
	at org.springframework.boot.web.server.servlet.context.ServletWebServerApplicationContext.refresh(ServletWebServerApplicationContext.java:143)
	at org.springframework.boot.SpringApplication.refresh(SpringApplication.java:756)
	at org.springframework.boot.SpringApplication.refreshContext(SpringApplication.java:445)
	at org.springframework.boot.SpringApplication.run(SpringApplication.java:321)
	at org.springframework.boot.SpringApplication.run(SpringApplication.java:1365)
	at org.springframework.boot.SpringApplication.run(SpringApplication.java:1354)
	at com.web3.herstory.urbanflora.UrbanFloraApplication.main(UrbanFloraApplication.java:10)
Caused by: org.springframework.beans.BeanInstantiationException: Failed to instantiate [com.zaxxer.hikari.HikariDataSource]: Factory method 'dataSource' threw exception with message: Cannot load driver class: org.hsqldb.jdbc.JDBCDriver
	at org.springframework.beans.factory.support.SimpleInstantiationStrategy.lambda$instantiate$0(SimpleInstantiationStrategy.java:183)
	at org.springframework.beans.factory.support.SimpleInstantiationStrategy.instantiateWithFactoryMethod(SimpleInstantiationStrategy.java:72)
	at org.springframework.beans.factory.support.SimpleInstantiationStrategy.instantiate(SimpleInstantiationStrategy.java:152)
	at org.springframework.beans.factory.support.ConstructorResolver.instantiate(ConstructorResolver.java:653)
	... 21 common frames omitted
Caused by: java.lang.IllegalStateException: Cannot load driver class: org.hsqldb.jdbc.JDBCDriver
	at org.springframework.util.Assert.state(Assert.java:102)
	at org.springframework.boot.jdbc.autoconfigure.DataSourceProperties.findDriverClassName(DataSourceProperties.java:187)
	at org.springframework.boot.jdbc.autoconfigure.DataSourceProperties.determineDriverClassName(DataSourceProperties.java:177)
	at org.springframework.boot.jdbc.autoconfigure.PropertiesJdbcConnectionDetails.getDriverClassName(PropertiesJdbcConnectionDetails.java:51)
	at org.springframework.boot.jdbc.autoconfigure.DataSourceConfiguration.createDataSource(DataSourceConfiguration.java:63)
	at org.springframework.boot.jdbc.autoconfigure.DataSourceConfiguration$Hikari.dataSource(DataSourceConfiguration.java:128)
	at java.base/jdk.internal.reflect.DirectMethodHandleAccessor.invoke(DirectMethodHandleAccessor.java:104)
	at java.base/java.lang.reflect.Method.invoke(Method.java:565)
	at org.springframework.beans.factory.support.SimpleInstantiationStrategy.lambda$instantiate$0(SimpleInstantiationStrategy.java:155)
	... 24 common frames omitted

2026-04-03T13:54:41.673+08:00  INFO 28262 --- [unnamed] [main] c.w.h.urbanflora.UrbanFloraApplication   : Starting UrbanFloraApplication using Java 26 with PID 28262 (/Users/chengyiran/IdeaProjects/urban-flora/target/classes started by chengyiran in /Users/chengyiran/IdeaProjects/urban-flora)
2026-04-03T13:54:41.675+08:00  INFO 28262 --- [unnamed] [main] c.w.h.urbanflora.UrbanFloraApplication   : No active profile set, falling back to 1 default profile: "default"
2026-04-03T13:54:41.878+08:00  WARN 28262 --- [unnamed] [main] o.m.s.mapper.ClassPathMapperScanner      : No MyBatis mapper was found in '[com.web3.herstory.urbanflora]' package. Please check your configuration.
2026-04-03T13:54:41.965+08:00  INFO 28262 --- [unnamed] [main] o.s.boot.tomcat.TomcatWebServer          : Tomcat initialized with port 8080 (http)
2026-04-03T13:54:41.970+08:00  INFO 28262 --- [unnamed] [main] o.apache.catalina.core.StandardService   : Starting service [Tomcat]
2026-04-03T13:54:41.971+08:00  INFO 28262 --- [unnamed] [main] o.apache.catalina.core.StandardEngine    : Starting Servlet engine: [Apache Tomcat/11.0.20]
2026-04-03T13:54:41.986+08:00  INFO 28262 --- [unnamed] [main] b.w.c.s.WebApplicationContextInitializer : Root WebApplicationContext: initialization completed in 293 ms
2026-04-03T13:54:42.128+08:00  INFO 28262 --- [unnamed] [main] o.s.boot.tomcat.TomcatWebServer          : Tomcat started on port 8080 (http) with context path '/'
2026-04-03T13:54:42.130+08:00  INFO 28262 --- [unnamed] [main] c.w.h.urbanflora.UrbanFloraApplication   : Started UrbanFloraApplication in 0.671 seconds (process running for 0.83)
2026-04-03T13:54:58.521+08:00  INFO 28262 --- [unnamed] [http-nio-8080-exec-1] o.a.c.c.C.[Tomcat].[localhost].[/]       : Initializing Spring DispatcherServlet 'dispatcherServlet'
2026-04-03T13:54:58.522+08:00  INFO 28262 --- [unnamed] [http-nio-8080-exec-1] o.s.web.servlet.DispatcherServlet        : Initializing Servlet 'dispatcherServlet'
2026-04-03T13:54:58.523+08:00  INFO 28262 --- [unnamed] [http-nio-8080-exec-1] o.s.web.servlet.DispatcherServlet        : Completed initialization in 1 ms
2026-04-03T14:00:57.572+08:00  INFO 28262 --- [unnamed] [SpringApplicationShutdownHook] o.s.boot.tomcat.GracefulShutdown         : Commencing graceful shutdown. Waiting for active requests to complete
2026-04-03T14:00:57.580+08:00  INFO 28262 --- [unnamed] [tomcat-shutdown] o.s.boot.tomcat.GracefulShutdown         : Graceful shutdown complete
2026-04-03T15:08:08.623+08:00  INFO 28957 --- [unnamed] [main] c.w.h.urbanflora.UrbanFloraApplication   : Starting UrbanFloraApplication using Java 26 with PID 28957 (/Users/chengyiran/IdeaProjects/urban-flora/target/classes started by chengyiran in /Users/chengyiran/IdeaProjects/urban-flora)
2026-04-03T15:08:08.624+08:00  INFO 28957 --- [unnamed] [main] c.w.h.urbanflora.UrbanFloraApplication   : No active profile set, falling back to 1 default profile: "default"
2026-04-03T15:08:08.902+08:00  INFO 28957 --- [unnamed] [main] o.s.boot.tomcat.TomcatWebServer          : Tomcat initialized with port 8080 (http)
2026-04-03T15:08:08.906+08:00  INFO 28957 --- [unnamed] [main] o.apache.catalina.core.StandardService   : Starting service [Tomcat]
2026-04-03T15:08:08.906+08:00  INFO 28957 --- [unnamed] [main] o.apache.catalina.core.StandardEngine    : Starting Servlet engine: [Apache Tomcat/11.0.20]
2026-04-03T15:08:08.920+08:00  INFO 28957 --- [unnamed] [main] b.w.c.s.WebApplicationContextInitializer : Root WebApplicationContext: initialization completed in 276 ms
2026-04-03T15:08:09.094+08:00  INFO 28957 --- [unnamed] [main] m.e.s.MybatisPlusApplicationContextAware : Register ApplicationContext instances org.springframework.boot.web.server.servlet.context.AnnotationConfigServletWebServerApplicationContext@53f48368
2026-04-03T15:08:09.115+08:00  INFO 28957 --- [unnamed] [main] o.s.boot.tomcat.TomcatWebServer          : Tomcat started on port 8080 (http) with context path '/'
2026-04-03T15:08:09.117+08:00  INFO 28957 --- [unnamed] [main] c.w.h.urbanflora.UrbanFloraApplication   : Started UrbanFloraApplication in 0.683 seconds (process running for 0.825)
2026-04-03T15:08:26.484+08:00  INFO 28957 --- [unnamed] [http-nio-8080-exec-1] o.a.c.c.C.[Tomcat].[localhost].[/]       : Initializing Spring DispatcherServlet 'dispatcherServlet'
2026-04-03T15:08:26.485+08:00  INFO 28957 --- [unnamed] [http-nio-8080-exec-1] o.s.web.servlet.DispatcherServlet        : Initializing Servlet 'dispatcherServlet'
2026-04-03T15:08:26.489+08:00  INFO 28957 --- [unnamed] [http-nio-8080-exec-1] o.s.web.servlet.DispatcherServlet        : Completed initialization in 4 ms
2026-04-03T15:42:38.913+08:00  INFO 28957 --- [unnamed] [SpringApplicationShutdownHook] o.s.boot.tomcat.GracefulShutdown         : Commencing graceful shutdown. Waiting for active requests to complete
2026-04-03T15:42:38.922+08:00  INFO 28957 --- [unnamed] [tomcat-shutdown] o.s.boot.tomcat.GracefulShutdown         : Graceful shutdown complete
2026-04-03T20:57:55.380+08:00  INFO 1990 --- [unnamed] [main] c.w.h.urbanflora.UrbanFloraApplication   : Starting UrbanFloraApplication using Java 26 with PID 1990 (/Users/chengyiran/IdeaProjects/urban-flora/target/classes started by chengyiran in /Users/chengyiran/IdeaProjects/urban-flora)
2026-04-03T20:57:55.382+08:00  INFO 1990 --- [unnamed] [main] c.w.h.urbanflora.UrbanFloraApplication   : No active profile set, falling back to 1 default profile: "default"
2026-04-03T20:57:55.695+08:00  INFO 1990 --- [unnamed] [main] o.s.boot.tomcat.TomcatWebServer          : Tomcat initialized with port 8080 (http)
2026-04-03T20:57:55.699+08:00  INFO 1990 --- [unnamed] [main] o.apache.catalina.core.StandardService   : Starting service [Tomcat]
2026-04-03T20:57:55.699+08:00  INFO 1990 --- [unnamed] [main] o.apache.catalina.core.StandardEngine    : Starting Servlet engine: [Apache Tomcat/11.0.20]
2026-04-03T20:57:55.712+08:00  INFO 1990 --- [unnamed] [main] b.w.c.s.WebApplicationContextInitializer : Root WebApplicationContext: initialization completed in 311 ms
2026-04-03T20:57:55.881+08:00  INFO 1990 --- [unnamed] [main] m.e.s.MybatisPlusApplicationContextAware : Register ApplicationContext instances org.springframework.boot.web.server.servlet.context.AnnotationConfigServletWebServerApplicationContext@53f48368
2026-04-03T20:57:55.903+08:00  INFO 1990 --- [unnamed] [main] o.s.boot.tomcat.TomcatWebServer          : Tomcat started on port 8080 (http) with context path '/'
2026-04-03T20:57:55.906+08:00  INFO 1990 --- [unnamed] [main] c.w.h.urbanflora.UrbanFloraApplication   : Started UrbanFloraApplication in 0.71 seconds (process running for 0.871)
2026-04-03T20:58:38.051+08:00  INFO 1990 --- [unnamed] [http-nio-8080-exec-3] o.a.c.c.C.[Tomcat].[localhost].[/]       : Initializing Spring DispatcherServlet 'dispatcherServlet'
2026-04-03T20:58:38.052+08:00  INFO 1990 --- [unnamed] [http-nio-8080-exec-3] o.s.web.servlet.DispatcherServlet        : Initializing Servlet 'dispatcherServlet'
2026-04-03T20:58:38.053+08:00  INFO 1990 --- [unnamed] [http-nio-8080-exec-3] o.s.web.servlet.DispatcherServlet        : Completed initialization in 1 ms
2026-04-03T21:02:09.050+08:00  WARN 1990 --- [unnamed] [http-nio-8080-exec-5] .w.s.m.s.DefaultHandlerExceptionResolver : Resolved [org.springframework.web.multipart.MaxUploadSizeExceededException: Maximum upload size exceeded]
2026-04-03T21:02:09.053+08:00  WARN 1990 --- [unnamed] [http-nio-8080-exec-5] .w.s.m.s.DefaultHandlerExceptionResolver : Resolved [org.springframework.web.multipart.MaxUploadSizeExceededException: Maximum upload size exceeded]
2026-04-03T21:03:58.634+08:00  INFO 1990 --- [unnamed] [SpringApplicationShutdownHook] o.s.boot.tomcat.GracefulShutdown         : Commencing graceful shutdown. Waiting for active requests to complete
2026-04-03T21:03:58.640+08:00  INFO 1990 --- [unnamed] [tomcat-shutdown] o.s.boot.tomcat.GracefulShutdown         : Graceful shutdown complete
2026-04-03T21:06:06.412+08:00  INFO 2101 --- [unnamed] [main] c.w.h.urbanflora.UrbanFloraApplication   : Starting UrbanFloraApplication using Java 26 with PID 2101 (/Users/chengyiran/IdeaProjects/urban-flora/target/classes started by chengyiran in /Users/chengyiran/IdeaProjects/urban-flora)
2026-04-03T21:06:06.413+08:00  INFO 2101 --- [unnamed] [main] c.w.h.urbanflora.UrbanFloraApplication   : No active profile set, falling back to 1 default profile: "default"
2026-04-03T21:06:06.698+08:00  INFO 2101 --- [unnamed] [main] o.s.boot.tomcat.TomcatWebServer          : Tomcat initialized with port 8080 (http)
2026-04-03T21:06:06.702+08:00  INFO 2101 --- [unnamed] [main] o.apache.catalina.core.StandardService   : Starting service [Tomcat]
2026-04-03T21:06:06.702+08:00  INFO 2101 --- [unnamed] [main] o.apache.catalina.core.StandardEngine    : Starting Servlet engine: [Apache Tomcat/11.0.20]
2026-04-03T21:06:06.715+08:00  INFO 2101 --- [unnamed] [main] b.w.c.s.WebApplicationContextInitializer : Root WebApplicationContext: initialization completed in 282 ms
2026-04-03T21:06:06.870+08:00  INFO 2101 --- [unnamed] [main] m.e.s.MybatisPlusApplicationContextAware : Register ApplicationContext instances org.springframework.boot.web.server.servlet.context.AnnotationConfigServletWebServerApplicationContext@3c435123
2026-04-03T21:06:06.890+08:00  INFO 2101 --- [unnamed] [main] o.s.boot.tomcat.TomcatWebServer          : Tomcat started on port 8080 (http) with context path '/'
2026-04-03T21:06:06.892+08:00  INFO 2101 --- [unnamed] [main] c.w.h.urbanflora.UrbanFloraApplication   : Started UrbanFloraApplication in 0.658 seconds (process running for 0.805)
2026-04-03T21:06:11.385+08:00  INFO 2101 --- [unnamed] [http-nio-8080-exec-2] o.a.c.c.C.[Tomcat].[localhost].[/]       : Initializing Spring DispatcherServlet 'dispatcherServlet'
2026-04-03T21:06:11.386+08:00  INFO 2101 --- [unnamed] [http-nio-8080-exec-2] o.s.web.servlet.DispatcherServlet        : Initializing Servlet 'dispatcherServlet'
2026-04-03T21:06:11.386+08:00  INFO 2101 --- [unnamed] [http-nio-8080-exec-2] o.s.web.servlet.DispatcherServlet        : Completed initialization in 0 ms
2026-04-03T21:06:11.425+08:00 ERROR 2101 --- [unnamed] [http-nio-8080-exec-2] o.a.c.c.C.[.[.[/].[dispatcherServlet]    : Servlet.service() for servlet [dispatcherServlet] in context with path [] threw exception

java.io.IOException: java.io.FileNotFoundException: /private/var/folders/29/xqv_3lh57lq24t5t75b2vqym0000gn/T/tomcat.8080.18195853289090709181/work/Tomcat/localhost/ROOT/uploads/1775221571422_IMG_0529.HEIC (No such file or directory)
	at org.apache.catalina.core.ApplicationPart.write(ApplicationPart.java:119)
	at org.springframework.web.multipart.support.StandardMultipartHttpServletRequest$StandardMultipartFile.transferTo(StandardMultipartHttpServletRequest.java:266)
	at com.web3.herstory.urbanflora.controller.UploadController.upload(UploadController.java:31)
	at java.base/jdk.internal.reflect.DirectMethodHandleAccessor.invoke(DirectMethodHandleAccessor.java:104)
	at java.base/java.lang.reflect.Method.invoke(Method.java:565)
	at org.springframework.web.method.support.InvocableHandlerMethod.doInvoke(InvocableHandlerMethod.java:252)
	at org.springframework.web.method.support.InvocableHandlerMethod.invokeForRequest(InvocableHandlerMethod.java:184)
	at org.springframework.web.servlet.mvc.method.annotation.ServletInvocableHandlerMethod.invokeAndHandle(ServletInvocableHandlerMethod.java:117)
	at org.springframework.web.servlet.mvc.method.annotation.RequestMappingHandlerAdapter.invokeHandlerMethod(RequestMappingHandlerAdapter.java:934)
	at org.springframework.web.servlet.mvc.method.annotation.RequestMappingHandlerAdapter.handleInternal(RequestMappingHandlerAdapter.java:853)
	at org.springframework.web.servlet.mvc.method.AbstractHandlerMethodAdapter.handle(AbstractHandlerMethodAdapter.java:86)
	at org.springframework.web.servlet.DispatcherServlet.doDispatch(DispatcherServlet.java:963)
	at org.springframework.web.servlet.DispatcherServlet.doService(DispatcherServlet.java:866)
	at org.springframework.web.servlet.FrameworkServlet.processRequest(FrameworkServlet.java:1000)
	at org.springframework.web.servlet.FrameworkServlet.doPost(FrameworkServlet.java:903)
	at jakarta.servlet.http.HttpServlet.service(HttpServlet.java:649)
	at org.springframework.web.servlet.FrameworkServlet.service(FrameworkServlet.java:874)
	at jakarta.servlet.http.HttpServlet.service(HttpServlet.java:710)
	at org.apache.catalina.core.ApplicationFilterChain.doFilter(ApplicationFilterChain.java:128)
	at org.apache.tomcat.websocket.server.WsFilter.doFilter(WsFilter.java:53)
	at org.apache.catalina.core.ApplicationFilterChain.doFilter(ApplicationFilterChain.java:107)
	at org.springframework.web.filter.RequestContextFilter.doFilterInternal(RequestContextFilter.java:100)
	at org.springframework.web.filter.OncePerRequestFilter.doFilter(OncePerRequestFilter.java:116)
	at org.apache.catalina.core.ApplicationFilterChain.doFilter(ApplicationFilterChain.java:107)
	at org.springframework.web.filter.FormContentFilter.doFilterInternal(FormContentFilter.java:93)
	at org.springframework.web.filter.OncePerRequestFilter.doFilter(OncePerRequestFilter.java:116)
	at org.apache.catalina.core.ApplicationFilterChain.doFilter(ApplicationFilterChain.java:107)
	at org.springframework.web.filter.CharacterEncodingFilter.doFilterInternal(CharacterEncodingFilter.java:199)
	at org.springframework.web.filter.OncePerRequestFilter.doFilter(OncePerRequestFilter.java:116)
	at org.apache.catalina.core.ApplicationFilterChain.doFilter(ApplicationFilterChain.java:107)
	at org.apache.catalina.core.StandardWrapperValve.invoke(StandardWrapperValve.java:165)
	at org.apache.catalina.core.StandardContextValve.invoke(StandardContextValve.java:77)
	at org.apache.catalina.authenticator.AuthenticatorBase.invoke(AuthenticatorBase.java:492)
	at org.apache.catalina.core.StandardHostValve.invoke(StandardHostValve.java:113)
	at org.apache.catalina.valves.ErrorReportValve.invoke(ErrorReportValve.java:83)
	at org.apache.catalina.core.StandardEngineValve.invoke(StandardEngineValve.java:72)
	at org.apache.catalina.connector.CoyoteAdapter.service(CoyoteAdapter.java:341)
	at org.apache.coyote.http11.Http11Processor.service(Http11Processor.java:397)
	at org.apache.coyote.AbstractProcessorLight.process(AbstractProcessorLight.java:63)
	at org.apache.coyote.AbstractProtocol$ConnectionHandler.process(AbstractProtocol.java:903)
	at org.apache.tomcat.util.net.NioEndpoint$SocketProcessor.doRun(NioEndpoint.java:1779)
	at org.apache.tomcat.util.net.SocketProcessorBase.run(SocketProcessorBase.java:52)
	at org.apache.tomcat.util.threads.ThreadPoolExecutor.runWorker(ThreadPoolExecutor.java:946)
	at org.apache.tomcat.util.threads.ThreadPoolExecutor$Worker.run(ThreadPoolExecutor.java:480)
	at org.apache.tomcat.util.threads.TaskThread$WrappingRunnable.run(TaskThread.java:57)
	at java.base/java.lang.Thread.run(Thread.java:1516)
Caused by: java.io.FileNotFoundException: /private/var/folders/29/xqv_3lh57lq24t5t75b2vqym0000gn/T/tomcat.8080.18195853289090709181/work/Tomcat/localhost/ROOT/uploads/1775221571422_IMG_0529.HEIC (No such file or directory)
	at java.base/java.io.FileOutputStream.open0(Native Method)
	at java.base/java.io.FileOutputStream.open(FileOutputStream.java:255)
	at java.base/java.io.FileOutputStream.<init>(FileOutputStream.java:210)
	at java.base/java.io.FileOutputStream.<init>(FileOutputStream.java:171)
	at org.apache.tomcat.util.http.fileupload.disk.DiskFileItem.write(DiskFileItem.java:551)
	at org.apache.catalina.core.ApplicationPart.write(ApplicationPart.java:117)
	... 45 common frames omitted

2026-04-03T21:15:06.437+08:00  INFO 2101 --- [unnamed] [SpringApplicationShutdownHook] o.s.boot.tomcat.GracefulShutdown         : Commencing graceful shutdown. Waiting for active requests to complete
2026-04-03T21:15:06.442+08:00  INFO 2101 --- [unnamed] [tomcat-shutdown] o.s.boot.tomcat.GracefulShutdown         : Graceful shutdown complete
2026-04-03T21:15:10.072+08:00  INFO 2154 --- [unnamed] [main] c.w.h.urbanflora.UrbanFloraApplication   : Starting UrbanFloraApplication using Java 26 with PID 2154 (/Users/chengyiran/IdeaProjects/urban-flora/target/classes started by chengyiran in /Users/chengyiran/IdeaProjects/urban-flora)
2026-04-03T21:15:10.073+08:00  INFO 2154 --- [unnamed] [main] c.w.h.urbanflora.UrbanFloraApplication   : No active profile set, falling back to 1 default profile: "default"
2026-04-03T21:15:10.344+08:00  INFO 2154 --- [unnamed] [main] o.s.boot.tomcat.TomcatWebServer          : Tomcat initialized with port 8080 (http)
2026-04-03T21:15:10.347+08:00  INFO 2154 --- [unnamed] [main] o.apache.catalina.core.StandardService   : Starting service [Tomcat]
2026-04-03T21:15:10.348+08:00  INFO 2154 --- [unnamed] [main] o.apache.catalina.core.StandardEngine    : Starting Servlet engine: [Apache Tomcat/11.0.20]
2026-04-03T21:15:10.359+08:00  INFO 2154 --- [unnamed] [main] b.w.c.s.WebApplicationContextInitializer : Root WebApplicationContext: initialization completed in 266 ms
2026-04-03T21:15:10.505+08:00  INFO 2154 --- [unnamed] [main] m.e.s.MybatisPlusApplicationContextAware : Register ApplicationContext instances org.springframework.boot.web.server.servlet.context.AnnotationConfigServletWebServerApplicationContext@3c435123
2026-04-03T21:15:10.524+08:00  INFO 2154 --- [unnamed] [main] o.s.boot.tomcat.TomcatWebServer          : Tomcat started on port 8080 (http) with context path '/'
2026-04-03T21:15:10.526+08:00  INFO 2154 --- [unnamed] [main] c.w.h.urbanflora.UrbanFloraApplication   : Started UrbanFloraApplication in 0.616 seconds (process running for 0.74)
2026-04-03T21:15:14.503+08:00  INFO 2154 --- [unnamed] [http-nio-8080-exec-2] o.a.c.c.C.[Tomcat].[localhost].[/]       : Initializing Spring DispatcherServlet 'dispatcherServlet'
2026-04-03T21:15:14.503+08:00  INFO 2154 --- [unnamed] [http-nio-8080-exec-2] o.s.web.servlet.DispatcherServlet        : Initializing Servlet 'dispatcherServlet'
2026-04-03T21:15:14.504+08:00  INFO 2154 --- [unnamed] [http-nio-8080-exec-2] o.s.web.servlet.DispatcherServlet        : Completed initialization in 0 ms
2026-04-03T21:20:05.680+08:00  WARN 2154 --- [unnamed] [http-nio-8080-exec-9] com.zaxxer.hikari.HikariConfig           : HikariPool-1 - keepaliveTime is greater than or equal to maxLifetime, disabling it.
2026-04-03T21:20:05.680+08:00  WARN 2154 --- [unnamed] [http-nio-8080-exec-9] com.zaxxer.hikari.HikariConfig           : HikariPool-1 - idleTimeout is close to or more than maxLifetime, disabling it.
2026-04-03T21:20:05.680+08:00  INFO 2154 --- [unnamed] [http-nio-8080-exec-9] com.zaxxer.hikari.HikariDataSource       : HikariPool-1 - Starting...
2026-04-03T21:20:05.868+08:00  INFO 2154 --- [unnamed] [http-nio-8080-exec-9] com.zaxxer.hikari.pool.HikariPool        : HikariPool-1 - Added connection com.mysql.cj.jdbc.ConnectionImpl@7ce37f1b
2026-04-03T21:20:05.868+08:00  INFO 2154 --- [unnamed] [http-nio-8080-exec-9] com.zaxxer.hikari.HikariDataSource       : HikariPool-1 - Start completed.
2026-04-03T23:08:33.784+08:00  INFO 2154 --- [unnamed] [SpringApplicationShutdownHook] o.s.boot.tomcat.GracefulShutdown         : Commencing graceful shutdown. Waiting for active requests to complete
2026-04-03T23:08:33.788+08:00  INFO 2154 --- [unnamed] [tomcat-shutdown] o.s.boot.tomcat.GracefulShutdown         : Graceful shutdown complete
2026-04-03T23:08:33.790+08:00  INFO 2154 --- [unnamed] [SpringApplicationShutdownHook] com.zaxxer.hikari.HikariDataSource       : HikariPool-1 - Shutdown initiated...
2026-04-03T23:08:33.791+08:00  INFO 2154 --- [unnamed] [SpringApplicationShutdownHook] com.zaxxer.hikari.HikariDataSource       : HikariPool-1 - Shutdown completed.
2026-04-03T23:08:37.902+08:00  INFO 2863 --- [unnamed] [main] c.w.h.urbanflora.UrbanFloraApplication   : Starting UrbanFloraApplication using Java 26 with PID 2863 (/Users/chengyiran/IdeaProjects/urban-flora/target/classes started by chengyiran in /Users/chengyiran/IdeaProjects/urban-flora)
2026-04-03T23:08:37.903+08:00 DEBUG 2863 --- [unnamed] [main] c.w.h.urbanflora.UrbanFloraApplication   : Running with Spring Boot v4.0.5, Spring v7.0.6
2026-04-03T23:08:37.903+08:00  INFO 2863 --- [unnamed] [main] c.w.h.urbanflora.UrbanFloraApplication   : No active profile set, falling back to 1 default profile: "default"
2026-04-03T23:08:38.187+08:00  INFO 2863 --- [unnamed] [main] o.s.boot.tomcat.TomcatWebServer          : Tomcat initialized with port 8080 (http)
2026-04-03T23:08:38.191+08:00  INFO 2863 --- [unnamed] [main] o.apache.catalina.core.StandardService   : Starting service [Tomcat]
2026-04-03T23:08:38.191+08:00  INFO 2863 --- [unnamed] [main] o.apache.catalina.core.StandardEngine    : Starting Servlet engine: [Apache Tomcat/11.0.20]
2026-04-03T23:08:38.207+08:00  INFO 2863 --- [unnamed] [main] b.w.c.s.WebApplicationContextInitializer : Root WebApplicationContext: initialization completed in 282 ms
2026-04-03T23:08:38.368+08:00  INFO 2863 --- [unnamed] [main] m.e.s.MybatisPlusApplicationContextAware : Register ApplicationContext instances org.springframework.boot.web.server.servlet.context.AnnotationConfigServletWebServerApplicationContext@6e1d8f9e
2026-04-03T23:08:38.387+08:00  INFO 2863 --- [unnamed] [main] o.s.boot.tomcat.TomcatWebServer          : Tomcat started on port 8080 (http) with context path '/'
2026-04-03T23:08:38.389+08:00  INFO 2863 --- [unnamed] [main] c.w.h.urbanflora.UrbanFloraApplication   : Started UrbanFloraApplication in 0.676 seconds (process running for 0.835)
2026-04-03T23:08:46.101+08:00  INFO 2863 --- [unnamed] [http-nio-8080-exec-2] o.a.c.c.C.[Tomcat].[localhost].[/]       : Initializing Spring DispatcherServlet 'dispatcherServlet'
2026-04-03T23:08:46.101+08:00  INFO 2863 --- [unnamed] [http-nio-8080-exec-2] o.s.web.servlet.DispatcherServlet        : Initializing Servlet 'dispatcherServlet'
2026-04-03T23:08:46.102+08:00  INFO 2863 --- [unnamed] [http-nio-8080-exec-2] o.s.web.servlet.DispatcherServlet        : Completed initialization in 1 ms
2026-04-03T23:09:38.246+08:00 ERROR 2863 --- [unnamed] [http-nio-8080-exec-3] c.w.h.u.handler.GlobalExceptionHandler   : 系统异常

jakarta.validation.UnexpectedTypeException: HV000030: No validator could be found for constraint 'jakarta.validation.constraints.NotBlank' validating type 'java.lang.Long'. Check configuration for 'tokenId'
	at org.hibernate.validator.internal.engine.constraintvalidation.ConstraintTree.getExceptionForNullValidator(ConstraintTree.java:115)
	at org.hibernate.validator.internal.engine.constraintvalidation.ConstraintTree.getInitializedConstraintValidator(ConstraintTree.java:161)
	at org.hibernate.validator.internal.engine.constraintvalidation.SimpleConstraintTree.validateConstraints(SimpleConstraintTree.java:56)
	at org.hibernate.validator.internal.engine.constraintvalidation.ConstraintTree.validateConstraints(ConstraintTree.java:73)
	at org.hibernate.validator.internal.metadata.core.MetaConstraint.doValidateConstraint(MetaConstraint.java:131)
	at org.hibernate.validator.internal.metadata.core.MetaConstraint.validateConstraint(MetaConstraint.java:124)
	at org.hibernate.validator.internal.engine.ValidatorImpl.validateMetaConstraint(ValidatorImpl.java:589)
	at org.hibernate.validator.internal.engine.ValidatorImpl.validateConstraintsForSingleDefaultGroupElement(ValidatorImpl.java:543)
	at org.hibernate.validator.internal.engine.ValidatorImpl.validateConstraintsForDefaultGroup(ValidatorImpl.java:512)
	at org.hibernate.validator.internal.engine.ValidatorImpl.validateConstraintsForCurrentGroup(ValidatorImpl.java:448)
	at org.hibernate.validator.internal.engine.ValidatorImpl.validateInContext(ValidatorImpl.java:398)
	at org.hibernate.validator.internal.engine.ValidatorImpl.validate(ValidatorImpl.java:170)
	at org.springframework.validation.beanvalidation.SpringValidatorAdapter.validate(SpringValidatorAdapter.java:102)
	at org.springframework.boot.validation.autoconfigure.ValidatorAdapter.validate(ValidatorAdapter.java:69)
	at org.springframework.validation.DataBinder.validate(DataBinder.java:1399)
	at org.springframework.web.servlet.mvc.method.annotation.AbstractMessageConverterMethodArgumentResolver.validateIfApplicable(AbstractMessageConverterMethodArgumentResolver.java:290)
	at org.springframework.web.servlet.mvc.method.annotation.RequestResponseBodyMethodProcessor.resolveArgument(RequestResponseBodyMethodProcessor.java:163)
	at org.springframework.web.method.support.HandlerMethodArgumentResolverComposite.resolveArgument(HandlerMethodArgumentResolverComposite.java:122)
	at org.springframework.web.method.support.InvocableHandlerMethod.getMethodArgumentValues(InvocableHandlerMethod.java:224)
	at org.springframework.web.method.support.InvocableHandlerMethod.invokeForRequest(InvocableHandlerMethod.java:174)
	at org.springframework.web.servlet.mvc.method.annotation.ServletInvocableHandlerMethod.invokeAndHandle(ServletInvocableHandlerMethod.java:117)
	at org.springframework.web.servlet.mvc.method.annotation.RequestMappingHandlerAdapter.invokeHandlerMethod(RequestMappingHandlerAdapter.java:934)
	at org.springframework.web.servlet.mvc.method.annotation.RequestMappingHandlerAdapter.handleInternal(RequestMappingHandlerAdapter.java:853)
	at org.springframework.web.servlet.mvc.method.AbstractHandlerMethodAdapter.handle(AbstractHandlerMethodAdapter.java:86)
	at org.springframework.web.servlet.DispatcherServlet.doDispatch(DispatcherServlet.java:963)
	at org.springframework.web.servlet.DispatcherServlet.doService(DispatcherServlet.java:866)
	at org.springframework.web.servlet.FrameworkServlet.processRequest(FrameworkServlet.java:1000)
	at org.springframework.web.servlet.FrameworkServlet.doPost(FrameworkServlet.java:903)
	at jakarta.servlet.http.HttpServlet.service(HttpServlet.java:649)
	at org.springframework.web.servlet.FrameworkServlet.service(FrameworkServlet.java:874)
	at jakarta.servlet.http.HttpServlet.service(HttpServlet.java:710)
	at org.apache.catalina.core.ApplicationFilterChain.doFilter(ApplicationFilterChain.java:128)
	at org.apache.tomcat.websocket.server.WsFilter.doFilter(WsFilter.java:53)
	at org.apache.catalina.core.ApplicationFilterChain.doFilter(ApplicationFilterChain.java:107)
	at org.springframework.web.filter.RequestContextFilter.doFilterInternal(RequestContextFilter.java:100)
	at org.springframework.web.filter.OncePerRequestFilter.doFilter(OncePerRequestFilter.java:116)
	at org.apache.catalina.core.ApplicationFilterChain.doFilter(ApplicationFilterChain.java:107)
	at org.springframework.web.filter.FormContentFilter.doFilterInternal(FormContentFilter.java:93)
	at org.springframework.web.filter.OncePerRequestFilter.doFilter(OncePerRequestFilter.java:116)
	at org.apache.catalina.core.ApplicationFilterChain.doFilter(ApplicationFilterChain.java:107)
	at org.springframework.web.filter.CharacterEncodingFilter.doFilterInternal(CharacterEncodingFilter.java:199)
	at org.springframework.web.filter.OncePerRequestFilter.doFilter(OncePerRequestFilter.java:116)
	at org.apache.catalina.core.ApplicationFilterChain.doFilter(ApplicationFilterChain.java:107)
	at org.apache.catalina.core.StandardWrapperValve.invoke(StandardWrapperValve.java:165)
	at org.apache.catalina.core.StandardContextValve.invoke(StandardContextValve.java:77)
	at org.apache.catalina.authenticator.AuthenticatorBase.invoke(AuthenticatorBase.java:492)
	at org.apache.catalina.core.StandardHostValve.invoke(StandardHostValve.java:113)
	at org.apache.catalina.valves.ErrorReportValve.invoke(ErrorReportValve.java:83)
	at org.apache.catalina.core.StandardEngineValve.invoke(StandardEngineValve.java:72)
	at org.apache.catalina.connector.CoyoteAdapter.service(CoyoteAdapter.java:341)
	at org.apache.coyote.http11.Http11Processor.service(Http11Processor.java:397)
	at org.apache.coyote.AbstractProcessorLight.process(AbstractProcessorLight.java:63)
	at org.apache.coyote.AbstractProtocol$ConnectionHandler.process(AbstractProtocol.java:903)
	at org.apache.tomcat.util.net.NioEndpoint$SocketProcessor.doRun(NioEndpoint.java:1779)
	at org.apache.tomcat.util.net.SocketProcessorBase.run(SocketProcessorBase.java:52)
	at org.apache.tomcat.util.threads.ThreadPoolExecutor.runWorker(ThreadPoolExecutor.java:946)
	at org.apache.tomcat.util.threads.ThreadPoolExecutor$Worker.run(ThreadPoolExecutor.java:480)
	at org.apache.tomcat.util.threads.TaskThread$WrappingRunnable.run(TaskThread.java:57)
	at java.base/java.lang.Thread.run(Thread.java:1516)

2026-04-03T23:11:40.146+08:00  INFO 2863 --- [unnamed] [SpringApplicationShutdownHook] o.s.boot.tomcat.GracefulShutdown         : Commencing graceful shutdown. Waiting for active requests to complete
2026-04-03T23:11:40.151+08:00  INFO 2863 --- [unnamed] [tomcat-shutdown] o.s.boot.tomcat.GracefulShutdown         : Graceful shutdown complete
2026-04-03T23:11:42.654+08:00  INFO 2889 --- [unnamed] [main] c.w.h.urbanflora.UrbanFloraApplication   : Starting UrbanFloraApplication using Java 26 with PID 2889 (/Users/chengyiran/IdeaProjects/urban-flora/target/classes started by chengyiran in /Users/chengyiran/IdeaProjects/urban-flora)
2026-04-03T23:11:42.655+08:00 DEBUG 2889 --- [unnamed] [main] c.w.h.urbanflora.UrbanFloraApplication   : Running with Spring Boot v4.0.5, Spring v7.0.6
2026-04-03T23:11:42.655+08:00  INFO 2889 --- [unnamed] [main] c.w.h.urbanflora.UrbanFloraApplication   : No active profile set, falling back to 1 default profile: "default"
2026-04-03T23:11:42.924+08:00  INFO 2889 --- [unnamed] [main] o.s.boot.tomcat.TomcatWebServer          : Tomcat initialized with port 8080 (http)
2026-04-03T23:11:42.928+08:00  INFO 2889 --- [unnamed] [main] o.apache.catalina.core.StandardService   : Starting service [Tomcat]
2026-04-03T23:11:42.928+08:00  INFO 2889 --- [unnamed] [main] o.apache.catalina.core.StandardEngine    : Starting Servlet engine: [Apache Tomcat/11.0.20]
2026-04-03T23:11:42.943+08:00  INFO 2889 --- [unnamed] [main] b.w.c.s.WebApplicationContextInitializer : Root WebApplicationContext: initialization completed in 270 ms
2026-04-03T23:11:43.098+08:00  INFO 2889 --- [unnamed] [main] m.e.s.MybatisPlusApplicationContextAware : Register ApplicationContext instances org.springframework.boot.web.server.servlet.context.AnnotationConfigServletWebServerApplicationContext@6e1d8f9e
2026-04-03T23:11:43.117+08:00  INFO 2889 --- [unnamed] [main] o.s.boot.tomcat.TomcatWebServer          : Tomcat started on port 8080 (http) with context path '/'
2026-04-03T23:11:43.119+08:00  INFO 2889 --- [unnamed] [main] c.w.h.urbanflora.UrbanFloraApplication   : Started UrbanFloraApplication in 0.636 seconds (process running for 0.758)
2026-04-03T23:11:45.931+08:00  INFO 2889 --- [unnamed] [http-nio-8080-exec-1] o.a.c.c.C.[Tomcat].[localhost].[/]       : Initializing Spring DispatcherServlet 'dispatcherServlet'
2026-04-03T23:11:45.932+08:00  INFO 2889 --- [unnamed] [http-nio-8080-exec-1] o.s.web.servlet.DispatcherServlet        : Initializing Servlet 'dispatcherServlet'
2026-04-03T23:11:45.933+08:00  INFO 2889 --- [unnamed] [http-nio-8080-exec-1] o.s.web.servlet.DispatcherServlet        : Completed initialization in 0 ms
2026-04-03T23:11:46.011+08:00  WARN 2889 --- [unnamed] [http-nio-8080-exec-1] com.zaxxer.hikari.HikariConfig           : HikariPool-1 - keepaliveTime is greater than or equal to maxLifetime, disabling it.
2026-04-03T23:11:46.012+08:00  WARN 2889 --- [unnamed] [http-nio-8080-exec-1] com.zaxxer.hikari.HikariConfig           : HikariPool-1 - idleTimeout is close to or more than maxLifetime, disabling it.
2026-04-03T23:11:46.012+08:00  INFO 2889 --- [unnamed] [http-nio-8080-exec-1] com.zaxxer.hikari.HikariDataSource       : HikariPool-1 - Starting...
2026-04-03T23:11:46.120+08:00  INFO 2889 --- [unnamed] [http-nio-8080-exec-1] com.zaxxer.hikari.pool.HikariPool        : HikariPool-1 - Added connection com.mysql.cj.jdbc.ConnectionImpl@153154f9
2026-04-03T23:11:46.121+08:00  INFO 2889 --- [unnamed] [http-nio-8080-exec-1] com.zaxxer.hikari.HikariDataSource       : HikariPool-1 - Start completed.
2026-04-03T23:11:46.178+08:00 ERROR 2889 --- [unnamed] [http-nio-8080-exec-1] c.w.h.u.handler.GlobalExceptionHandler   : 系统异常

org.springframework.jdbc.BadSqlGrammarException: 
### Error querying database.  Cause: java.sql.SQLSyntaxErrorException: Unknown column 'tokenId' in 'where clause'
### The error may exist in com/web3/herstory/urbanflora/mapper/PlantMapper.java (best guess)
### The error may involve defaultParameterMap
### The error occurred while setting parameters
### SQL: SELECT  id,token_id,name,location,owner,image_url,created_at  FROM plants      WHERE  (tokenId = ?)
### Cause: java.sql.SQLSyntaxErrorException: Unknown column 'tokenId' in 'where clause'
; bad SQL grammar []
	at org.springframework.jdbc.support.SQLErrorCodeSQLExceptionTranslator.doTranslate(SQLErrorCodeSQLExceptionTranslator.java:244)
	at org.springframework.jdbc.support.AbstractFallbackSQLExceptionTranslator.translate(AbstractFallbackSQLExceptionTranslator.java:102)
	at org.mybatis.spring.MyBatisExceptionTranslator.translateExceptionIfPossible(MyBatisExceptionTranslator.java:95)
	at org.mybatis.spring.SqlSessionTemplate$SqlSessionInterceptor.invoke(SqlSessionTemplate.java:347)
	at jdk.proxy2/jdk.proxy2.$Proxy73.selectList(Unknown Source)
	at org.mybatis.spring.SqlSessionTemplate.selectList(SqlSessionTemplate.java:194)
	at com.baomidou.mybatisplus.core.override.MybatisMapperMethod.executeForMany(MybatisMapperMethod.java:164)
	at com.baomidou.mybatisplus.core.override.MybatisMapperMethod.execute(MybatisMapperMethod.java:77)
	at com.baomidou.mybatisplus.core.override.MybatisMapperProxy$PlainMethodInvoker.invoke(MybatisMapperProxy.java:156)
	at com.baomidou.mybatisplus.core.override.MybatisMapperProxy.invoke(MybatisMapperProxy.java:93)
	at jdk.proxy2/jdk.proxy2.$Proxy76.selectList(Unknown Source)
	at com.baomidou.mybatisplus.core.mapper.BaseMapper.selectOne(BaseMapper.java:337)
	at java.base/java.lang.invoke.MethodHandle.invokeWithArguments(MethodHandle.java:737)
	at com.baomidou.mybatisplus.core.override.MybatisMapperProxy$DefaultMethodInvoker.invoke(MybatisMapperProxy.java:172)
	at com.baomidou.mybatisplus.core.override.MybatisMapperProxy.invoke(MybatisMapperProxy.java:93)
	at jdk.proxy2/jdk.proxy2.$Proxy76.selectOne(Unknown Source)
	at com.baomidou.mybatisplus.core.mapper.BaseMapper.selectOne(BaseMapper.java:326)
	at java.base/java.lang.invoke.MethodHandle.invokeWithArguments(MethodHandle.java:737)
	at com.baomidou.mybatisplus.core.override.MybatisMapperProxy$DefaultMethodInvoker.invoke(MybatisMapperProxy.java:182)
	at com.baomidou.mybatisplus.core.override.MybatisMapperProxy.invoke(MybatisMapperProxy.java:93)
	at jdk.proxy2/jdk.proxy2.$Proxy76.selectOne(Unknown Source)
	at com.web3.herstory.urbanflora.service.impl.PlantServiceImpl.createPlant(PlantServiceImpl.java:31)
	at com.web3.herstory.urbanflora.controller.PlantController.create(PlantController.java:24)
	at java.base/jdk.internal.reflect.DirectMethodHandleAccessor.invoke(DirectMethodHandleAccessor.java:104)
	at java.base/java.lang.reflect.Method.invoke(Method.java:565)
	at org.springframework.web.method.support.InvocableHandlerMethod.doInvoke(InvocableHandlerMethod.java:252)
	at org.springframework.web.method.support.InvocableHandlerMethod.invokeForRequest(InvocableHandlerMethod.java:184)
	at org.springframework.web.servlet.mvc.method.annotation.ServletInvocableHandlerMethod.invokeAndHandle(ServletInvocableHandlerMethod.java:117)
	at org.springframework.web.servlet.mvc.method.annotation.RequestMappingHandlerAdapter.invokeHandlerMethod(RequestMappingHandlerAdapter.java:934)
	at org.springframework.web.servlet.mvc.method.annotation.RequestMappingHandlerAdapter.handleInternal(RequestMappingHandlerAdapter.java:853)
	at org.springframework.web.servlet.mvc.method.AbstractHandlerMethodAdapter.handle(AbstractHandlerMethodAdapter.java:86)
	at org.springframework.web.servlet.DispatcherServlet.doDispatch(DispatcherServlet.java:963)
	at org.springframework.web.servlet.DispatcherServlet.doService(DispatcherServlet.java:866)
	at org.springframework.web.servlet.FrameworkServlet.processRequest(FrameworkServlet.java:1000)
	at org.springframework.web.servlet.FrameworkServlet.doPost(FrameworkServlet.java:903)
	at jakarta.servlet.http.HttpServlet.service(HttpServlet.java:649)
	at org.springframework.web.servlet.FrameworkServlet.service(FrameworkServlet.java:874)
	at jakarta.servlet.http.HttpServlet.service(HttpServlet.java:710)
	at org.apache.catalina.core.ApplicationFilterChain.doFilter(ApplicationFilterChain.java:128)
	at org.apache.tomcat.websocket.server.WsFilter.doFilter(WsFilter.java:53)
	at org.apache.catalina.core.ApplicationFilterChain.doFilter(ApplicationFilterChain.java:107)
	at org.springframework.web.filter.RequestContextFilter.doFilterInternal(RequestContextFilter.java:100)
	at org.springframework.web.filter.OncePerRequestFilter.doFilter(OncePerRequestFilter.java:116)
	at org.apache.catalina.core.ApplicationFilterChain.doFilter(ApplicationFilterChain.java:107)
	at org.springframework.web.filter.FormContentFilter.doFilterInternal(FormContentFilter.java:93)
	at org.springframework.web.filter.OncePerRequestFilter.doFilter(OncePerRequestFilter.java:116)
	at org.apache.catalina.core.ApplicationFilterChain.doFilter(ApplicationFilterChain.java:107)
	at org.springframework.web.filter.CharacterEncodingFilter.doFilterInternal(CharacterEncodingFilter.java:199)
	at org.springframework.web.filter.OncePerRequestFilter.doFilter(OncePerRequestFilter.java:116)
	at org.apache.catalina.core.ApplicationFilterChain.doFilter(ApplicationFilterChain.java:107)
	at org.apache.catalina.core.StandardWrapperValve.invoke(StandardWrapperValve.java:165)
	at org.apache.catalina.core.StandardContextValve.invoke(StandardContextValve.java:77)
	at org.apache.catalina.authenticator.AuthenticatorBase.invoke(AuthenticatorBase.java:492)
	at org.apache.catalina.core.StandardHostValve.invoke(StandardHostValve.java:113)
	at org.apache.catalina.valves.ErrorReportValve.invoke(ErrorReportValve.java:83)
	at org.apache.catalina.core.StandardEngineValve.invoke(StandardEngineValve.java:72)
	at org.apache.catalina.connector.CoyoteAdapter.service(CoyoteAdapter.java:341)
	at org.apache.coyote.http11.Http11Processor.service(Http11Processor.java:397)
	at org.apache.coyote.AbstractProcessorLight.process(AbstractProcessorLight.java:63)
	at org.apache.coyote.AbstractProtocol$ConnectionHandler.process(AbstractProtocol.java:903)
	at org.apache.tomcat.util.net.NioEndpoint$SocketProcessor.doRun(NioEndpoint.java:1779)
	at org.apache.tomcat.util.net.SocketProcessorBase.run(SocketProcessorBase.java:52)
	at org.apache.tomcat.util.threads.ThreadPoolExecutor.runWorker(ThreadPoolExecutor.java:946)
	at org.apache.tomcat.util.threads.ThreadPoolExecutor$Worker.run(ThreadPoolExecutor.java:480)
	at org.apache.tomcat.util.threads.TaskThread$WrappingRunnable.run(TaskThread.java:57)
	at java.base/java.lang.Thread.run(Thread.java:1516)
Caused by: java.sql.SQLSyntaxErrorException: Unknown column 'tokenId' in 'where clause'
	at com.mysql.cj.jdbc.exceptions.SQLError.createSQLException(SQLError.java:112)
	at com.mysql.cj.jdbc.exceptions.SQLExceptionsMapping.translateException(SQLExceptionsMapping.java:114)
	at com.mysql.cj.jdbc.ClientPreparedStatement.executeInternal(ClientPreparedStatement.java:988)
	at com.mysql.cj.jdbc.ClientPreparedStatement.execute(ClientPreparedStatement.java:383)
	at com.zaxxer.hikari.pool.ProxyPreparedStatement.execute(ProxyPreparedStatement.java:44)
	at com.zaxxer.hikari.pool.HikariProxyPreparedStatement.execute(HikariProxyPreparedStatement.java)
	at java.base/jdk.internal.reflect.DirectMethodHandleAccessor.invoke(DirectMethodHandleAccessor.java:104)
	at java.base/java.lang.reflect.Method.invoke(Method.java:565)
	at org.apache.ibatis.logging.jdbc.PreparedStatementLogger.invoke(PreparedStatementLogger.java:58)
	at jdk.proxy3/jdk.proxy3.$Proxy88.execute(Unknown Source)
	at org.apache.ibatis.executor.statement.PreparedStatementHandler.query(PreparedStatementHandler.java:65)
	at org.apache.ibatis.executor.statement.RoutingStatementHandler.query(RoutingStatementHandler.java:80)
	at org.apache.ibatis.executor.SimpleExecutor.doQuery(SimpleExecutor.java:65)
	at org.apache.ibatis.executor.BaseExecutor.queryFromDatabase(BaseExecutor.java:336)
	at org.apache.ibatis.executor.BaseExecutor.query(BaseExecutor.java:158)
	at org.apache.ibatis.executor.CachingExecutor.query(CachingExecutor.java:110)
	at org.apache.ibatis.executor.CachingExecutor.query(CachingExecutor.java:90)
	at org.apache.ibatis.session.defaults.DefaultSqlSession.selectList(DefaultSqlSession.java:154)
	at org.apache.ibatis.session.defaults.DefaultSqlSession.selectList(DefaultSqlSession.java:147)
	at org.apache.ibatis.session.defaults.DefaultSqlSession.selectList(DefaultSqlSession.java:142)
	at java.base/jdk.internal.reflect.DirectMethodHandleAccessor.invoke(DirectMethodHandleAccessor.java:104)
	at java.base/java.lang.reflect.Method.invoke(Method.java:565)
	at org.mybatis.spring.SqlSessionTemplate$SqlSessionInterceptor.invoke(SqlSessionTemplate.java:333)
	... 62 common frames omitted

2026-04-03T23:12:34.380+08:00  INFO 2889 --- [unnamed] [SpringApplicationShutdownHook] o.s.boot.tomcat.GracefulShutdown         : Commencing graceful shutdown. Waiting for active requests to complete
2026-04-03T23:12:34.384+08:00  INFO 2889 --- [unnamed] [tomcat-shutdown] o.s.boot.tomcat.GracefulShutdown         : Graceful shutdown complete
2026-04-03T23:12:34.387+08:00  INFO 2889 --- [unnamed] [SpringApplicationShutdownHook] com.zaxxer.hikari.HikariDataSource       : HikariPool-1 - Shutdown initiated...
2026-04-03T23:12:34.388+08:00  INFO 2889 --- [unnamed] [SpringApplicationShutdownHook] com.zaxxer.hikari.HikariDataSource       : HikariPool-1 - Shutdown completed.
2026-04-03T23:12:38.273+08:00  INFO 2906 --- [unnamed] [main] c.w.h.urbanflora.UrbanFloraApplication   : Starting UrbanFloraApplication using Java 26 with PID 2906 (/Users/chengyiran/IdeaProjects/urban-flora/target/classes started by chengyiran in /Users/chengyiran/IdeaProjects/urban-flora)
2026-04-03T23:12:38.274+08:00 DEBUG 2906 --- [unnamed] [main] c.w.h.urbanflora.UrbanFloraApplication   : Running with Spring Boot v4.0.5, Spring v7.0.6
2026-04-03T23:12:38.274+08:00  INFO 2906 --- [unnamed] [main] c.w.h.urbanflora.UrbanFloraApplication   : No active profile set, falling back to 1 default profile: "default"
2026-04-03T23:12:38.561+08:00  INFO 2906 --- [unnamed] [main] o.s.boot.tomcat.TomcatWebServer          : Tomcat initialized with port 8080 (http)
2026-04-03T23:12:38.565+08:00  INFO 2906 --- [unnamed] [main] o.apache.catalina.core.StandardService   : Starting service [Tomcat]
2026-04-03T23:12:38.565+08:00  INFO 2906 --- [unnamed] [main] o.apache.catalina.core.StandardEngine    : Starting Servlet engine: [Apache Tomcat/11.0.20]
2026-04-03T23:12:38.578+08:00  INFO 2906 --- [unnamed] [main] b.w.c.s.WebApplicationContextInitializer : Root WebApplicationContext: initialization completed in 282 ms
2026-04-03T23:12:38.741+08:00  INFO 2906 --- [unnamed] [main] m.e.s.MybatisPlusApplicationContextAware : Register ApplicationContext instances org.springframework.boot.web.server.servlet.context.AnnotationConfigServletWebServerApplicationContext@6e1d8f9e
2026-04-03T23:12:38.760+08:00  INFO 2906 --- [unnamed] [main] o.s.boot.tomcat.TomcatWebServer          : Tomcat started on port 8080 (http) with context path '/'
2026-04-03T23:12:38.762+08:00  INFO 2906 --- [unnamed] [main] c.w.h.urbanflora.UrbanFloraApplication   : Started UrbanFloraApplication in 0.663 seconds (process running for 0.79)
2026-04-03T23:12:42.093+08:00  INFO 2906 --- [unnamed] [http-nio-8080-exec-1] o.a.c.c.C.[Tomcat].[localhost].[/]       : Initializing Spring DispatcherServlet 'dispatcherServlet'
2026-04-03T23:12:42.094+08:00  INFO 2906 --- [unnamed] [http-nio-8080-exec-1] o.s.web.servlet.DispatcherServlet        : Initializing Servlet 'dispatcherServlet'
2026-04-03T23:12:42.094+08:00  INFO 2906 --- [unnamed] [http-nio-8080-exec-1] o.s.web.servlet.DispatcherServlet        : Completed initialization in 0 ms
2026-04-03T23:12:42.169+08:00  WARN 2906 --- [unnamed] [http-nio-8080-exec-1] com.zaxxer.hikari.HikariConfig           : HikariPool-1 - keepaliveTime is greater than or equal to maxLifetime, disabling it.
2026-04-03T23:12:42.170+08:00  WARN 2906 --- [unnamed] [http-nio-8080-exec-1] com.zaxxer.hikari.HikariConfig           : HikariPool-1 - idleTimeout is close to or more than maxLifetime, disabling it.
2026-04-03T23:12:42.170+08:00  INFO 2906 --- [unnamed] [http-nio-8080-exec-1] com.zaxxer.hikari.HikariDataSource       : HikariPool-1 - Starting...
2026-04-03T23:12:42.272+08:00  INFO 2906 --- [unnamed] [http-nio-8080-exec-1] com.zaxxer.hikari.pool.HikariPool        : HikariPool-1 - Added connection com.mysql.cj.jdbc.ConnectionImpl@20cae64f
2026-04-03T23:12:42.272+08:00  INFO 2906 --- [unnamed] [http-nio-8080-exec-1] com.zaxxer.hikari.HikariDataSource       : HikariPool-1 - Start completed.
2026-04-03T23:30:28.192+08:00  INFO 2906 --- [unnamed] [SpringApplicationShutdownHook] o.s.boot.tomcat.GracefulShutdown         : Commencing graceful shutdown. Waiting for active requests to complete
2026-04-03T23:30:28.197+08:00  INFO 2906 --- [unnamed] [tomcat-shutdown] o.s.boot.tomcat.GracefulShutdown         : Graceful shutdown complete
2026-04-03T23:30:28.199+08:00  INFO 2906 --- [unnamed] [SpringApplicationShutdownHook] com.zaxxer.hikari.HikariDataSource       : HikariPool-1 - Shutdown initiated...
2026-04-03T23:30:28.200+08:00  INFO 2906 --- [unnamed] [SpringApplicationShutdownHook] com.zaxxer.hikari.HikariDataSource       : HikariPool-1 - Shutdown completed.
2026-04-03T23:30:31.372+08:00  INFO 3025 --- [unnamed] [main] c.w.h.urbanflora.UrbanFloraApplication   : Starting UrbanFloraApplication using Java 26 with PID 3025 (/Users/chengyiran/IdeaProjects/urban-flora/target/classes started by chengyiran in /Users/chengyiran/IdeaProjects/urban-flora)
2026-04-03T23:30:31.373+08:00 DEBUG 3025 --- [unnamed] [main] c.w.h.urbanflora.UrbanFloraApplication   : Running with Spring Boot v4.0.5, Spring v7.0.6
2026-04-03T23:30:31.373+08:00  INFO 3025 --- [unnamed] [main] c.w.h.urbanflora.UrbanFloraApplication   : No active profile set, falling back to 1 default profile: "default"
2026-04-03T23:30:31.662+08:00  INFO 3025 --- [unnamed] [main] o.s.boot.tomcat.TomcatWebServer          : Tomcat initialized with port 8080 (http)
2026-04-03T23:30:31.667+08:00  INFO 3025 --- [unnamed] [main] o.apache.catalina.core.StandardService   : Starting service [Tomcat]
2026-04-03T23:30:31.667+08:00  INFO 3025 --- [unnamed] [main] o.apache.catalina.core.StandardEngine    : Starting Servlet engine: [Apache Tomcat/11.0.20]
2026-04-03T23:30:31.684+08:00  INFO 3025 --- [unnamed] [main] b.w.c.s.WebApplicationContextInitializer : Root WebApplicationContext: initialization completed in 289 ms
2026-04-03T23:30:31.847+08:00  INFO 3025 --- [unnamed] [main] m.e.s.MybatisPlusApplicationContextAware : Register ApplicationContext instances org.springframework.boot.web.server.servlet.context.AnnotationConfigServletWebServerApplicationContext@6e1d8f9e
2026-04-03T23:30:31.866+08:00  INFO 3025 --- [unnamed] [main] o.s.boot.tomcat.TomcatWebServer          : Tomcat started on port 8080 (http) with context path '/'
2026-04-03T23:30:31.869+08:00  INFO 3025 --- [unnamed] [main] c.w.h.urbanflora.UrbanFloraApplication   : Started UrbanFloraApplication in 0.67 seconds (process running for 0.798)
2026-04-03T23:31:27.977+08:00  INFO 3025 --- [unnamed] [SpringApplicationShutdownHook] o.s.boot.tomcat.GracefulShutdown         : Commencing graceful shutdown. Waiting for active requests to complete
2026-04-03T23:31:27.984+08:00  INFO 3025 --- [unnamed] [tomcat-shutdown] o.s.boot.tomcat.GracefulShutdown         : Graceful shutdown complete
2026-04-03T23:31:30.463+08:00  INFO 3057 --- [unnamed] [main] c.w.h.urbanflora.UrbanFloraApplication   : Starting UrbanFloraApplication using Java 26 with PID 3057 (/Users/chengyiran/IdeaProjects/urban-flora/target/classes started by chengyiran in /Users/chengyiran/IdeaProjects/urban-flora)
2026-04-03T23:31:30.464+08:00 DEBUG 3057 --- [unnamed] [main] c.w.h.urbanflora.UrbanFloraApplication   : Running with Spring Boot v4.0.5, Spring v7.0.6
2026-04-03T23:31:30.464+08:00  INFO 3057 --- [unnamed] [main] c.w.h.urbanflora.UrbanFloraApplication   : No active profile set, falling back to 1 default profile: "default"
2026-04-03T23:31:30.734+08:00  INFO 3057 --- [unnamed] [main] o.s.boot.tomcat.TomcatWebServer          : Tomcat initialized with port 8080 (http)
2026-04-03T23:31:30.738+08:00  INFO 3057 --- [unnamed] [main] o.apache.catalina.core.StandardService   : Starting service [Tomcat]
2026-04-03T23:31:30.738+08:00  INFO 3057 --- [unnamed] [main] o.apache.catalina.core.StandardEngine    : Starting Servlet engine: [Apache Tomcat/11.0.20]
2026-04-03T23:31:30.753+08:00  INFO 3057 --- [unnamed] [main] b.w.c.s.WebApplicationContextInitializer : Root WebApplicationContext: initialization completed in 268 ms
2026-04-03T23:31:30.906+08:00  INFO 3057 --- [unnamed] [main] m.e.s.MybatisPlusApplicationContextAware : Register ApplicationContext instances org.springframework.boot.web.server.servlet.context.AnnotationConfigServletWebServerApplicationContext@6e1d8f9e
2026-04-03T23:31:30.924+08:00  INFO 3057 --- [unnamed] [main] o.s.boot.tomcat.TomcatWebServer          : Tomcat started on port 8080 (http) with context path '/'
2026-04-03T23:31:30.926+08:00  INFO 3057 --- [unnamed] [main] c.w.h.urbanflora.UrbanFloraApplication   : Started UrbanFloraApplication in 0.642 seconds (process running for 0.769)
2026-04-03T23:33:15.058+08:00  INFO 3057 --- [unnamed] [http-nio-8080-exec-1] o.a.c.c.C.[Tomcat].[localhost].[/]       : Initializing Spring DispatcherServlet 'dispatcherServlet'
2026-04-03T23:33:15.058+08:00  INFO 3057 --- [unnamed] [http-nio-8080-exec-1] o.s.web.servlet.DispatcherServlet        : Initializing Servlet 'dispatcherServlet'
2026-04-03T23:33:15.059+08:00  INFO 3057 --- [unnamed] [http-nio-8080-exec-1] o.s.web.servlet.DispatcherServlet        : Completed initialization in 1 ms
2026-04-03T23:33:15.072+08:00 ERROR 3057 --- [unnamed] [http-nio-8080-exec-1] c.w.h.u.handler.GlobalExceptionHandler   : 系统异常

org.springframework.web.HttpMediaTypeNotSupportedException: Content-Type 'text/plain;charset=UTF-8' is not supported
	at org.springframework.web.servlet.mvc.method.annotation.AbstractMessageConverterMethodArgumentResolver.readWithMessageConverters(AbstractMessageConverterMethodArgumentResolver.java:235)
	at org.springframework.web.servlet.mvc.method.annotation.RequestResponseBodyMethodProcessor.readWithMessageConverters(RequestResponseBodyMethodProcessor.java:181)
	at org.springframework.web.servlet.mvc.method.annotation.RequestResponseBodyMethodProcessor.resolveArgument(RequestResponseBodyMethodProcessor.java:156)
	at org.springframework.web.method.support.HandlerMethodArgumentResolverComposite.resolveArgument(HandlerMethodArgumentResolverComposite.java:122)
	at org.springframework.web.method.support.InvocableHandlerMethod.getMethodArgumentValues(InvocableHandlerMethod.java:224)
	at org.springframework.web.method.support.InvocableHandlerMethod.invokeForRequest(InvocableHandlerMethod.java:174)
	at org.springframework.web.servlet.mvc.method.annotation.ServletInvocableHandlerMethod.invokeAndHandle(ServletInvocableHandlerMethod.java:117)
	at org.springframework.web.servlet.mvc.method.annotation.RequestMappingHandlerAdapter.invokeHandlerMethod(RequestMappingHandlerAdapter.java:934)
	at org.springframework.web.servlet.mvc.method.annotation.RequestMappingHandlerAdapter.handleInternal(RequestMappingHandlerAdapter.java:853)
	at org.springframework.web.servlet.mvc.method.AbstractHandlerMethodAdapter.handle(AbstractHandlerMethodAdapter.java:86)
	at org.springframework.web.servlet.DispatcherServlet.doDispatch(DispatcherServlet.java:963)
	at org.springframework.web.servlet.DispatcherServlet.doService(DispatcherServlet.java:866)
	at org.springframework.web.servlet.FrameworkServlet.processRequest(FrameworkServlet.java:1000)
	at org.springframework.web.servlet.FrameworkServlet.doPost(FrameworkServlet.java:903)
	at jakarta.servlet.http.HttpServlet.service(HttpServlet.java:649)
	at org.springframework.web.servlet.FrameworkServlet.service(FrameworkServlet.java:874)
	at jakarta.servlet.http.HttpServlet.service(HttpServlet.java:710)
	at org.apache.catalina.core.ApplicationFilterChain.doFilter(ApplicationFilterChain.java:128)
	at org.apache.tomcat.websocket.server.WsFilter.doFilter(WsFilter.java:53)
	at org.apache.catalina.core.ApplicationFilterChain.doFilter(ApplicationFilterChain.java:107)
	at org.springframework.web.filter.RequestContextFilter.doFilterInternal(RequestContextFilter.java:100)
	at org.springframework.web.filter.OncePerRequestFilter.doFilter(OncePerRequestFilter.java:116)
	at org.apache.catalina.core.ApplicationFilterChain.doFilter(ApplicationFilterChain.java:107)
	at org.springframework.web.filter.FormContentFilter.doFilterInternal(FormContentFilter.java:93)
	at org.springframework.web.filter.OncePerRequestFilter.doFilter(OncePerRequestFilter.java:116)
	at org.apache.catalina.core.ApplicationFilterChain.doFilter(ApplicationFilterChain.java:107)
	at org.springframework.web.filter.CharacterEncodingFilter.doFilterInternal(CharacterEncodingFilter.java:199)
	at org.springframework.web.filter.OncePerRequestFilter.doFilter(OncePerRequestFilter.java:116)
	at org.apache.catalina.core.ApplicationFilterChain.doFilter(ApplicationFilterChain.java:107)
	at org.apache.catalina.core.StandardWrapperValve.invoke(StandardWrapperValve.java:165)
	at org.apache.catalina.core.StandardContextValve.invoke(StandardContextValve.java:77)
	at org.apache.catalina.authenticator.AuthenticatorBase.invoke(AuthenticatorBase.java:492)
	at org.apache.catalina.core.StandardHostValve.invoke(StandardHostValve.java:113)
	at org.apache.catalina.valves.ErrorReportValve.invoke(ErrorReportValve.java:83)
	at org.apache.catalina.core.StandardEngineValve.invoke(StandardEngineValve.java:72)
	at org.apache.catalina.connector.CoyoteAdapter.service(CoyoteAdapter.java:341)
	at org.apache.coyote.http11.Http11Processor.service(Http11Processor.java:397)
	at org.apache.coyote.AbstractProcessorLight.process(AbstractProcessorLight.java:63)
	at org.apache.coyote.AbstractProtocol$ConnectionHandler.process(AbstractProtocol.java:903)
	at org.apache.tomcat.util.net.NioEndpoint$SocketProcessor.doRun(NioEndpoint.java:1779)
	at org.apache.tomcat.util.net.SocketProcessorBase.run(SocketProcessorBase.java:52)
	at org.apache.tomcat.util.threads.ThreadPoolExecutor.runWorker(ThreadPoolExecutor.java:946)
	at org.apache.tomcat.util.threads.ThreadPoolExecutor$Worker.run(ThreadPoolExecutor.java:480)
	at org.apache.tomcat.util.threads.TaskThread$WrappingRunnable.run(TaskThread.java:57)
	at java.base/java.lang.Thread.run(Thread.java:1516)

2026-04-03T23:33:24.911+08:00  WARN 3057 --- [unnamed] [http-nio-8080-exec-3] com.zaxxer.hikari.HikariConfig           : HikariPool-1 - keepaliveTime is greater than or equal to maxLifetime, disabling it.
2026-04-03T23:33:24.911+08:00  WARN 3057 --- [unnamed] [http-nio-8080-exec-3] com.zaxxer.hikari.HikariConfig           : HikariPool-1 - idleTimeout is close to or more than maxLifetime, disabling it.
2026-04-03T23:33:24.911+08:00  INFO 3057 --- [unnamed] [http-nio-8080-exec-3] com.zaxxer.hikari.HikariDataSource       : HikariPool-1 - Starting...
2026-04-03T23:33:25.023+08:00  INFO 3057 --- [unnamed] [http-nio-8080-exec-3] com.zaxxer.hikari.pool.HikariPool        : HikariPool-1 - Added connection com.mysql.cj.jdbc.ConnectionImpl@562b5237
2026-04-03T23:33:25.024+08:00  INFO 3057 --- [unnamed] [http-nio-8080-exec-3] com.zaxxer.hikari.HikariDataSource       : HikariPool-1 - Start completed.
2026-04-03T23:35:25.106+08:00  INFO 3057 --- [unnamed] [SpringApplicationShutdownHook] o.s.boot.tomcat.GracefulShutdown         : Commencing graceful shutdown. Waiting for active requests to complete
2026-04-03T23:35:25.109+08:00  INFO 3057 --- [unnamed] [tomcat-shutdown] o.s.boot.tomcat.GracefulShutdown         : Graceful shutdown complete
2026-04-03T23:35:25.111+08:00  INFO 3057 --- [unnamed] [SpringApplicationShutdownHook] com.zaxxer.hikari.HikariDataSource       : HikariPool-1 - Shutdown initiated...
2026-04-03T23:35:25.112+08:00  INFO 3057 --- [unnamed] [SpringApplicationShutdownHook] com.zaxxer.hikari.HikariDataSource       : HikariPool-1 - Shutdown completed.
2026-04-03T23:35:27.792+08:00  INFO 3077 --- [unnamed] [main] c.w.h.urbanflora.UrbanFloraApplication   : Starting UrbanFloraApplication using Java 26 with PID 3077 (/Users/chengyiran/IdeaProjects/urban-flora/target/classes started by chengyiran in /Users/chengyiran/IdeaProjects/urban-flora)
2026-04-03T23:35:27.793+08:00 DEBUG 3077 --- [unnamed] [main] c.w.h.urbanflora.UrbanFloraApplication   : Running with Spring Boot v4.0.5, Spring v7.0.6
2026-04-03T23:35:27.793+08:00  INFO 3077 --- [unnamed] [main] c.w.h.urbanflora.UrbanFloraApplication   : No active profile set, falling back to 1 default profile: "default"
2026-04-03T23:35:28.060+08:00  INFO 3077 --- [unnamed] [main] o.s.boot.tomcat.TomcatWebServer          : Tomcat initialized with port 8080 (http)
2026-04-03T23:35:28.063+08:00  INFO 3077 --- [unnamed] [main] o.apache.catalina.core.StandardService   : Starting service [Tomcat]
2026-04-03T23:35:28.063+08:00  INFO 3077 --- [unnamed] [main] o.apache.catalina.core.StandardEngine    : Starting Servlet engine: [Apache Tomcat/11.0.20]
2026-04-03T23:35:28.079+08:00  INFO 3077 --- [unnamed] [main] b.w.c.s.WebApplicationContextInitializer : Root WebApplicationContext: initialization completed in 267 ms
2026-04-03T23:35:28.234+08:00  INFO 3077 --- [unnamed] [main] m.e.s.MybatisPlusApplicationContextAware : Register ApplicationContext instances org.springframework.boot.web.server.servlet.context.AnnotationConfigServletWebServerApplicationContext@6e1d8f9e
2026-04-03T23:35:28.253+08:00  INFO 3077 --- [unnamed] [main] o.s.boot.tomcat.TomcatWebServer          : Tomcat started on port 8080 (http) with context path '/'
2026-04-03T23:35:28.255+08:00  INFO 3077 --- [unnamed] [main] c.w.h.urbanflora.UrbanFloraApplication   : Started UrbanFloraApplication in 0.633 seconds (process running for 0.765)
2026-04-03T23:35:35.415+08:00  INFO 3077 --- [unnamed] [http-nio-8080-exec-2] o.a.c.c.C.[Tomcat].[localhost].[/]       : Initializing Spring DispatcherServlet 'dispatcherServlet'
2026-04-03T23:35:35.415+08:00  INFO 3077 --- [unnamed] [http-nio-8080-exec-2] o.s.web.servlet.DispatcherServlet        : Initializing Servlet 'dispatcherServlet'
2026-04-03T23:35:35.416+08:00  INFO 3077 --- [unnamed] [http-nio-8080-exec-2] o.s.web.servlet.DispatcherServlet        : Completed initialization in 1 ms
2026-04-03T23:35:35.465+08:00  WARN 3077 --- [unnamed] [http-nio-8080-exec-2] com.zaxxer.hikari.HikariConfig           : HikariPool-1 - keepaliveTime is greater than or equal to maxLifetime, disabling it.
2026-04-03T23:35:35.465+08:00  WARN 3077 --- [unnamed] [http-nio-8080-exec-2] com.zaxxer.hikari.HikariConfig           : HikariPool-1 - idleTimeout is close to or more than maxLifetime, disabling it.
2026-04-03T23:35:35.465+08:00  INFO 3077 --- [unnamed] [http-nio-8080-exec-2] com.zaxxer.hikari.HikariDataSource       : HikariPool-1 - Starting...
2026-04-03T23:35:35.569+08:00  INFO 3077 --- [unnamed] [http-nio-8080-exec-2] com.zaxxer.hikari.pool.HikariPool        : HikariPool-1 - Added connection com.mysql.cj.jdbc.ConnectionImpl@212c4382
2026-04-03T23:35:35.569+08:00  INFO 3077 --- [unnamed] [http-nio-8080-exec-2] com.zaxxer.hikari.HikariDataSource       : HikariPool-1 - Start completed.
2026-04-03T23:40:59.043+08:00  INFO 3077 --- [unnamed] [SpringApplicationShutdownHook] o.s.boot.tomcat.GracefulShutdown         : Commencing graceful shutdown. Waiting for active requests to complete
2026-04-03T23:40:59.048+08:00  INFO 3077 --- [unnamed] [tomcat-shutdown] o.s.boot.tomcat.GracefulShutdown         : Graceful shutdown complete
2026-04-03T23:40:59.050+08:00  INFO 3077 --- [unnamed] [SpringApplicationShutdownHook] com.zaxxer.hikari.HikariDataSource       : HikariPool-1 - Shutdown initiated...
2026-04-03T23:40:59.051+08:00  INFO 3077 --- [unnamed] [SpringApplicationShutdownHook] com.zaxxer.hikari.HikariDataSource       : HikariPool-1 - Shutdown completed.
2026-04-03T23:41:01.902+08:00  INFO 3115 --- [unnamed] [main] c.w.h.urbanflora.UrbanFloraApplication   : Starting UrbanFloraApplication using Java 26 with PID 3115 (/Users/chengyiran/IdeaProjects/urban-flora/target/classes started by chengyiran in /Users/chengyiran/IdeaProjects/urban-flora)
2026-04-03T23:41:01.903+08:00 DEBUG 3115 --- [unnamed] [main] c.w.h.urbanflora.UrbanFloraApplication   : Running with Spring Boot v4.0.5, Spring v7.0.6
2026-04-03T23:41:01.903+08:00  INFO 3115 --- [unnamed] [main] c.w.h.urbanflora.UrbanFloraApplication   : No active profile set, falling back to 1 default profile: "default"
2026-04-03T23:41:02.193+08:00  INFO 3115 --- [unnamed] [main] o.s.boot.tomcat.TomcatWebServer          : Tomcat initialized with port 8080 (http)
2026-04-03T23:41:02.197+08:00  INFO 3115 --- [unnamed] [main] o.apache.catalina.core.StandardService   : Starting service [Tomcat]
2026-04-03T23:41:02.197+08:00  INFO 3115 --- [unnamed] [main] o.apache.catalina.core.StandardEngine    : Starting Servlet engine: [Apache Tomcat/11.0.20]
2026-04-03T23:41:02.209+08:00  INFO 3115 --- [unnamed] [main] b.w.c.s.WebApplicationContextInitializer : Root WebApplicationContext: initialization completed in 285 ms
2026-04-03T23:41:02.378+08:00  INFO 3115 --- [unnamed] [main] m.e.s.MybatisPlusApplicationContextAware : Register ApplicationContext instances org.springframework.boot.web.server.servlet.context.AnnotationConfigServletWebServerApplicationContext@6e1d8f9e
2026-04-03T23:41:02.397+08:00  INFO 3115 --- [unnamed] [main] o.s.boot.tomcat.TomcatWebServer          : Tomcat started on port 8080 (http) with context path '/'
2026-04-03T23:41:02.399+08:00  INFO 3115 --- [unnamed] [main] c.w.h.urbanflora.UrbanFloraApplication   : Started UrbanFloraApplication in 0.668 seconds (process running for 0.791)
2026-04-03T23:41:05.954+08:00  INFO 3115 --- [unnamed] [http-nio-8080-exec-2] o.a.c.c.C.[Tomcat].[localhost].[/]       : Initializing Spring DispatcherServlet 'dispatcherServlet'
2026-04-03T23:41:05.955+08:00  INFO 3115 --- [unnamed] [http-nio-8080-exec-2] o.s.web.servlet.DispatcherServlet        : Initializing Servlet 'dispatcherServlet'
2026-04-03T23:41:05.956+08:00  INFO 3115 --- [unnamed] [http-nio-8080-exec-2] o.s.web.servlet.DispatcherServlet        : Completed initialization in 1 ms
2026-04-03T23:41:20.022+08:00  WARN 3115 --- [unnamed] [http-nio-8080-exec-3] com.zaxxer.hikari.HikariConfig           : HikariPool-1 - keepaliveTime is greater than or equal to maxLifetime, disabling it.
2026-04-03T23:41:20.022+08:00  WARN 3115 --- [unnamed] [http-nio-8080-exec-3] com.zaxxer.hikari.HikariConfig           : HikariPool-1 - idleTimeout is close to or more than maxLifetime, disabling it.
2026-04-03T23:41:20.022+08:00  INFO 3115 --- [unnamed] [http-nio-8080-exec-3] com.zaxxer.hikari.HikariDataSource       : HikariPool-1 - Starting...
2026-04-03T23:41:20.180+08:00  INFO 3115 --- [unnamed] [http-nio-8080-exec-3] com.zaxxer.hikari.pool.HikariPool        : HikariPool-1 - Added connection com.mysql.cj.jdbc.ConnectionImpl@1ed66200
2026-04-03T23:41:20.181+08:00  INFO 3115 --- [unnamed] [http-nio-8080-exec-3] com.zaxxer.hikari.HikariDataSource       : HikariPool-1 - Start completed.
2026-04-03T23:59:07.345+08:00 ERROR 3115 --- [unnamed] [http-nio-8080-exec-1] c.w.h.u.handler.GlobalExceptionHandler   : 系统异常

org.springframework.web.multipart.MultipartException: Current request is not a multipart request
	at org.springframework.web.method.annotation.RequestParamMethodArgumentResolver.handleMissingValueInternal(RequestParamMethodArgumentResolver.java:212)
	at org.springframework.web.method.annotation.RequestParamMethodArgumentResolver.handleMissingValue(RequestParamMethodArgumentResolver.java:195)
	at org.springframework.web.method.annotation.AbstractNamedValueMethodArgumentResolver.resolveArgument(AbstractNamedValueMethodArgumentResolver.java:123)
	at org.springframework.web.method.support.HandlerMethodArgumentResolverComposite.resolveArgument(HandlerMethodArgumentResolverComposite.java:122)
	at org.springframework.web.method.support.InvocableHandlerMethod.getMethodArgumentValues(InvocableHandlerMethod.java:224)
	at org.springframework.web.method.support.InvocableHandlerMethod.invokeForRequest(InvocableHandlerMethod.java:174)
	at org.springframework.web.servlet.mvc.method.annotation.ServletInvocableHandlerMethod.invokeAndHandle(ServletInvocableHandlerMethod.java:117)
	at org.springframework.web.servlet.mvc.method.annotation.RequestMappingHandlerAdapter.invokeHandlerMethod(RequestMappingHandlerAdapter.java:934)
	at org.springframework.web.servlet.mvc.method.annotation.RequestMappingHandlerAdapter.handleInternal(RequestMappingHandlerAdapter.java:853)
	at org.springframework.web.servlet.mvc.method.AbstractHandlerMethodAdapter.handle(AbstractHandlerMethodAdapter.java:86)
	at org.springframework.web.servlet.DispatcherServlet.doDispatch(DispatcherServlet.java:963)
	at org.springframework.web.servlet.DispatcherServlet.doService(DispatcherServlet.java:866)
	at org.springframework.web.servlet.FrameworkServlet.processRequest(FrameworkServlet.java:1000)
	at org.springframework.web.servlet.FrameworkServlet.doPost(FrameworkServlet.java:903)
	at jakarta.servlet.http.HttpServlet.service(HttpServlet.java:649)
	at org.springframework.web.servlet.FrameworkServlet.service(FrameworkServlet.java:874)
	at jakarta.servlet.http.HttpServlet.service(HttpServlet.java:710)
	at org.apache.catalina.core.ApplicationFilterChain.doFilter(ApplicationFilterChain.java:128)
	at org.apache.tomcat.websocket.server.WsFilter.doFilter(WsFilter.java:53)
	at org.apache.catalina.core.ApplicationFilterChain.doFilter(ApplicationFilterChain.java:107)
	at org.springframework.web.filter.RequestContextFilter.doFilterInternal(RequestContextFilter.java:100)
	at org.springframework.web.filter.OncePerRequestFilter.doFilter(OncePerRequestFilter.java:116)
	at org.apache.catalina.core.ApplicationFilterChain.doFilter(ApplicationFilterChain.java:107)
	at org.springframework.web.filter.FormContentFilter.doFilterInternal(FormContentFilter.java:93)
	at org.springframework.web.filter.OncePerRequestFilter.doFilter(OncePerRequestFilter.java:116)
	at org.apache.catalina.core.ApplicationFilterChain.doFilter(ApplicationFilterChain.java:107)
	at org.springframework.web.filter.CharacterEncodingFilter.doFilterInternal(CharacterEncodingFilter.java:199)
	at org.springframework.web.filter.OncePerRequestFilter.doFilter(OncePerRequestFilter.java:116)
	at org.apache.catalina.core.ApplicationFilterChain.doFilter(ApplicationFilterChain.java:107)
	at org.apache.catalina.core.StandardWrapperValve.invoke(StandardWrapperValve.java:165)
	at org.apache.catalina.core.StandardContextValve.invoke(StandardContextValve.java:77)
	at org.apache.catalina.authenticator.AuthenticatorBase.invoke(AuthenticatorBase.java:492)
	at org.apache.catalina.core.StandardHostValve.invoke(StandardHostValve.java:113)
	at org.apache.catalina.valves.ErrorReportValve.invoke(ErrorReportValve.java:83)
	at org.apache.catalina.core.StandardEngineValve.invoke(StandardEngineValve.java:72)
	at org.apache.catalina.connector.CoyoteAdapter.service(CoyoteAdapter.java:341)
	at org.apache.coyote.http11.Http11Processor.service(Http11Processor.java:397)
	at org.apache.coyote.AbstractProcessorLight.process(AbstractProcessorLight.java:63)
	at org.apache.coyote.AbstractProtocol$ConnectionHandler.process(AbstractProtocol.java:903)
	at org.apache.tomcat.util.net.NioEndpoint$SocketProcessor.doRun(NioEndpoint.java:1779)
	at org.apache.tomcat.util.net.SocketProcessorBase.run(SocketProcessorBase.java:52)
	at org.apache.tomcat.util.threads.ThreadPoolExecutor.runWorker(ThreadPoolExecutor.java:946)
	at org.apache.tomcat.util.threads.ThreadPoolExecutor$Worker.run(ThreadPoolExecutor.java:480)
	at org.apache.tomcat.util.threads.TaskThread$WrappingRunnable.run(TaskThread.java:57)
	at java.base/java.lang.Thread.run(Thread.java:1516)

2026-04-04T00:10:12.340+08:00 ERROR 3115 --- [unnamed] [http-nio-8080-exec-4] o.a.c.c.C.[.[.[/].[dispatcherServlet]    : Servlet.service() for servlet [dispatcherServlet] in context with path [] threw exception [Request processing failed: com.web3.herstory.urbanflora.exception.WalletNotFoundException: 钱包地址不能为空] with root cause

com.web3.herstory.urbanflora.exception.WalletNotFoundException: 钱包地址不能为空
	at com.web3.herstory.urbanflora.config.WalletInterceptor.preHandle(WalletInterceptor.java:19)
	at org.springframework.web.servlet.HandlerExecutionChain.applyPreHandle(HandlerExecutionChain.java:145)
	at org.springframework.web.servlet.DispatcherServlet.doDispatch(DispatcherServlet.java:957)
	at org.springframework.web.servlet.DispatcherServlet.doService(DispatcherServlet.java:866)
	at org.springframework.web.servlet.FrameworkServlet.processRequest(FrameworkServlet.java:1000)
	at org.springframework.web.servlet.FrameworkServlet.doOptions(FrameworkServlet.java:939)
	at jakarta.servlet.http.HttpServlet.service(HttpServlet.java:652)
	at org.springframework.web.servlet.FrameworkServlet.service(FrameworkServlet.java:874)
	at jakarta.servlet.http.HttpServlet.service(HttpServlet.java:710)
	at org.apache.catalina.core.ApplicationFilterChain.doFilter(ApplicationFilterChain.java:128)
	at org.apache.tomcat.websocket.server.WsFilter.doFilter(WsFilter.java:53)
	at org.apache.catalina.core.ApplicationFilterChain.doFilter(ApplicationFilterChain.java:107)
	at org.springframework.web.filter.RequestContextFilter.doFilterInternal(RequestContextFilter.java:100)
	at org.springframework.web.filter.OncePerRequestFilter.doFilter(OncePerRequestFilter.java:116)
	at org.apache.catalina.core.ApplicationFilterChain.doFilter(ApplicationFilterChain.java:107)
	at org.springframework.web.filter.FormContentFilter.doFilterInternal(FormContentFilter.java:93)
	at org.springframework.web.filter.OncePerRequestFilter.doFilter(OncePerRequestFilter.java:116)
	at org.apache.catalina.core.ApplicationFilterChain.doFilter(ApplicationFilterChain.java:107)
	at org.springframework.web.filter.CharacterEncodingFilter.doFilterInternal(CharacterEncodingFilter.java:199)
	at org.springframework.web.filter.OncePerRequestFilter.doFilter(OncePerRequestFilter.java:116)
	at org.apache.catalina.core.ApplicationFilterChain.doFilter(ApplicationFilterChain.java:107)
	at org.apache.catalina.core.StandardWrapperValve.invoke(StandardWrapperValve.java:165)
	at org.apache.catalina.core.StandardContextValve.invoke(StandardContextValve.java:77)
	at org.apache.catalina.authenticator.AuthenticatorBase.invoke(AuthenticatorBase.java:492)
	at org.apache.catalina.core.StandardHostValve.invoke(StandardHostValve.java:113)
	at org.apache.catalina.valves.ErrorReportValve.invoke(ErrorReportValve.java:83)
	at org.apache.catalina.core.StandardEngineValve.invoke(StandardEngineValve.java:72)
	at org.apache.catalina.connector.CoyoteAdapter.service(CoyoteAdapter.java:341)
	at org.apache.coyote.http11.Http11Processor.service(Http11Processor.java:397)
	at org.apache.coyote.AbstractProcessorLight.process(AbstractProcessorLight.java:63)
	at org.apache.coyote.AbstractProtocol$ConnectionHandler.process(AbstractProtocol.java:903)
	at org.apache.tomcat.util.net.NioEndpoint$SocketProcessor.doRun(NioEndpoint.java:1779)
	at org.apache.tomcat.util.net.SocketProcessorBase.run(SocketProcessorBase.java:52)
	at org.apache.tomcat.util.threads.ThreadPoolExecutor.runWorker(ThreadPoolExecutor.java:946)
	at org.apache.tomcat.util.threads.ThreadPoolExecutor$Worker.run(ThreadPoolExecutor.java:480)
	at org.apache.tomcat.util.threads.TaskThread$WrappingRunnable.run(TaskThread.java:57)
	at java.base/java.lang.Thread.run(Thread.java:1516)

2026-04-04T00:31:06.662+08:00  INFO 3115 --- [unnamed] [SpringApplicationShutdownHook] o.s.boot.tomcat.GracefulShutdown         : Commencing graceful shutdown. Waiting for active requests to complete
2026-04-04T00:31:06.666+08:00  INFO 3115 --- [unnamed] [tomcat-shutdown] o.s.boot.tomcat.GracefulShutdown         : Graceful shutdown complete
2026-04-04T00:31:06.668+08:00  INFO 3115 --- [unnamed] [SpringApplicationShutdownHook] com.zaxxer.hikari.HikariDataSource       : HikariPool-1 - Shutdown initiated...
2026-04-04T00:31:06.668+08:00  INFO 3115 --- [unnamed] [SpringApplicationShutdownHook] com.zaxxer.hikari.HikariDataSource       : HikariPool-1 - Shutdown completed.
2026-04-04T00:34:08.920+08:00  INFO 3831 --- [unnamed] [main] c.w.h.urbanflora.UrbanFloraApplication   : Starting UrbanFloraApplication using Java 26 with PID 3831 (/Users/chengyiran/IdeaProjects/urban-flora/target/classes started by chengyiran in /Users/chengyiran/IdeaProjects/urban-flora)
2026-04-04T00:34:08.921+08:00 DEBUG 3831 --- [unnamed] [main] c.w.h.urbanflora.UrbanFloraApplication   : Running with Spring Boot v4.0.5, Spring v7.0.6
2026-04-04T00:34:08.922+08:00  INFO 3831 --- [unnamed] [main] c.w.h.urbanflora.UrbanFloraApplication   : No active profile set, falling back to 1 default profile: "default"
2026-04-04T00:34:09.205+08:00  INFO 3831 --- [unnamed] [main] o.s.boot.tomcat.TomcatWebServer          : Tomcat initialized with port 8080 (http)
2026-04-04T00:34:09.208+08:00  INFO 3831 --- [unnamed] [main] o.apache.catalina.core.StandardService   : Starting service [Tomcat]
2026-04-04T00:34:09.209+08:00  INFO 3831 --- [unnamed] [main] o.apache.catalina.core.StandardEngine    : Starting Servlet engine: [Apache Tomcat/11.0.20]
2026-04-04T00:34:09.221+08:00  INFO 3831 --- [unnamed] [main] b.w.c.s.WebApplicationContextInitializer : Root WebApplicationContext: initialization completed in 281 ms
2026-04-04T00:34:09.381+08:00  INFO 3831 --- [unnamed] [main] m.e.s.MybatisPlusApplicationContextAware : Register ApplicationContext instances org.springframework.boot.web.server.servlet.context.AnnotationConfigServletWebServerApplicationContext@6e1d8f9e
2026-04-04T00:34:09.400+08:00  INFO 3831 --- [unnamed] [main] o.s.boot.tomcat.TomcatWebServer          : Tomcat started on port 8080 (http) with context path '/'
2026-04-04T00:34:09.402+08:00  INFO 3831 --- [unnamed] [main] c.w.h.urbanflora.UrbanFloraApplication   : Started UrbanFloraApplication in 0.652 seconds (process running for 0.791)
2026-04-04T00:34:25.113+08:00  INFO 3831 --- [unnamed] [http-nio-8080-exec-1] o.a.c.c.C.[Tomcat].[localhost].[/]       : Initializing Spring DispatcherServlet 'dispatcherServlet'
2026-04-04T00:34:25.114+08:00  INFO 3831 --- [unnamed] [http-nio-8080-exec-1] o.s.web.servlet.DispatcherServlet        : Initializing Servlet 'dispatcherServlet'
2026-04-04T00:34:25.116+08:00  INFO 3831 --- [unnamed] [http-nio-8080-exec-1] o.s.web.servlet.DispatcherServlet        : Completed initialization in 2 ms
2026-04-04T00:34:25.248+08:00  WARN 3831 --- [unnamed] [http-nio-8080-exec-4] com.zaxxer.hikari.HikariConfig           : HikariPool-1 - keepaliveTime is greater than or equal to maxLifetime, disabling it.
2026-04-04T00:34:25.248+08:00  WARN 3831 --- [unnamed] [http-nio-8080-exec-4] com.zaxxer.hikari.HikariConfig           : HikariPool-1 - idleTimeout is close to or more than maxLifetime, disabling it.
2026-04-04T00:34:25.248+08:00  INFO 3831 --- [unnamed] [http-nio-8080-exec-4] com.zaxxer.hikari.HikariDataSource       : HikariPool-1 - Starting...
2026-04-04T00:34:25.362+08:00  INFO 3831 --- [unnamed] [http-nio-8080-exec-4] com.zaxxer.hikari.pool.HikariPool        : HikariPool-1 - Added connection com.mysql.cj.jdbc.ConnectionImpl@315c8fab
2026-04-04T00:34:25.363+08:00  INFO 3831 --- [unnamed] [http-nio-8080-exec-4] com.zaxxer.hikari.HikariDataSource       : HikariPool-1 - Start completed.
2026-04-04T00:37:53.385+08:00  INFO 3831 --- [unnamed] [SpringApplicationShutdownHook] o.s.boot.tomcat.GracefulShutdown         : Commencing graceful shutdown. Waiting for active requests to complete
2026-04-04T00:37:53.389+08:00  INFO 3831 --- [unnamed] [tomcat-shutdown] o.s.boot.tomcat.GracefulShutdown         : Graceful shutdown complete
2026-04-04T00:37:53.391+08:00  INFO 3831 --- [unnamed] [SpringApplicationShutdownHook] com.zaxxer.hikari.HikariDataSource       : HikariPool-1 - Shutdown initiated...
2026-04-04T00:37:53.392+08:00  INFO 3831 --- [unnamed] [SpringApplicationShutdownHook] com.zaxxer.hikari.HikariDataSource       : HikariPool-1 - Shutdown completed.
